<?xml version="1.0" encoding="UTF-8"?>
<testsuite xmlns:xsi="http://www.w3.org/2001/XMLSchema-instance" xsi:noNamespaceSchemaLocation="https://maven.apache.org/surefire/maven-surefire-plugin/xsd/surefire-test-report-3.0.xsd" version="3.0" name="com.ragapp.auth.AuthControllerIntegrationTest" time="9.889" tests="7" errors="0" skipped="0" failures="0">
  <properties>
[...]
</properties>
  <testcase name="login_withBlankPassword_returns400" classname="com.ragapp.auth.AuthControllerIntegrationTest" time="0.448">
    <system-out><![CDATA[11:52:10.274 [main] INFO org.springframework.test.context.support.AnnotationConfigContextLoaderUtils -- Could not detect default configuration classes for test class [com.ragapp.auth.AuthControllerIntegrationTest]: AuthControllerIntegrationTest does not declare any static, non-private, non-final, nested classes annotated with @Configuration.
11:52:10.446 [main] INFO org.springframework.boot.test.context.SpringBootTestContextBootstrapper -- Found @SpringBootConfiguration com.ragapp.SpringRagApplication for test class com.ragapp.auth.AuthControllerIntegrationTest

  .   ____          _            __ _ _
 /\\ / ___'_ __ _ _(_)_ __  __ _ \ \ \ \
( ( )\___ | '_ | '_| | '_ \/ _` | \ \ \ \
 \\/  ___)| |_)| | | | | || (_| |  ) ) ) )
  '  |____| .__|_| |_|_| |_\__, | / / / /
 =========|_|==============|___/=/_/_/_/

 :: Spring Boot ::                (v3.3.5)

2026-04-25T11:52:11.108+05:30  WARN 11052 --- [spring-rag-app] [           main] ory$DuplicateJsonObjectContextCustomizer : 

Found multiple occurrences of org.json.JSONObject on the class path:

	jar:file:/C:/Users/320219651/.m2/repository/org/json/json/20240303/json-20240303.jar!/org/json/JSONObject.class
	jar:file:/C:/Users/320219651/.m2/repository/com/vaadin/external/google/android-json/0.0.20131108.vaadin1/android-json-0.0.20131108.vaadin1.jar!/org/json/JSONObject.class

You may wish to exclude one of them to ensure predictable runtime behavior

2026-04-25T11:52:11.142+05:30  INFO 11052 --- [spring-rag-app] [           main] c.r.auth.AuthControllerIntegrationTest   : Starting AuthControllerIntegrationTest using Java 21.0.10 with PID 11052 (started by 320219651 in C:\Users\320219651\spring-rag-app)
2026-04-25T11:52:11.143+05:30  INFO 11052 --- [spring-rag-app] [           main] c.r.auth.AuthControllerIntegrationTest   : No active profile set, falling back to 1 default profile: "default"
2026-04-25T11:52:16.189+05:30  INFO 11052 --- [spring-rag-app] [           main] eAuthenticationProviderManagerConfigurer : Global AuthenticationManager configured with AuthenticationProvider bean with name authenticationProvider
2026-04-25T11:52:16.190+05:30  WARN 11052 --- [spring-rag-app] [           main] r$InitializeUserDetailsManagerConfigurer : Global AuthenticationManager configured with an AuthenticationProvider bean. UserDetailsService beans will not be used for username/password login. Consider removing the AuthenticationProvider bean. Alternatively, consider using the UserDetailsService in a manually instantiated DaoAuthenticationProvider.
2026-04-25T11:52:18.486+05:30  INFO 11052 --- [spring-rag-app] [           main] o.s.b.t.m.w.SpringBootMockServletContext : Initializing Spring TestDispatcherServlet ''
2026-04-25T11:52:18.487+05:30  INFO 11052 --- [spring-rag-app] [           main] o.s.t.web.servlet.TestDispatcherServlet  : Initializing Servlet ''
2026-04-25T11:52:18.489+05:30  INFO 11052 --- [spring-rag-app] [           main] o.s.t.web.servlet.TestDispatcherServlet  : Completed initialization in 2 ms
2026-04-25T11:52:18.634+05:30  INFO 11052 --- [spring-rag-app] [           main] c.r.auth.AuthControllerIntegrationTest   : Started AuthControllerIntegrationTest in 7.98 seconds (process running for 9.736)
]]></system-out>
    <system-err><![CDATA[WARNING: A Java agent has been loaded dynamically (C:\Users\320219651\.m2\repository\net\bytebuddy\byte-buddy-agent\1.14.19\byte-buddy-agent-1.14.19.jar)
WARNING: If a serviceability tool is in use, please run with -XX:+EnableDynamicAgentLoading to hide this warning
WARNING: If a serviceability tool is not in use, please run with -Djdk.instrument.traceUsage for more information
WARNING: Dynamic loading of agents will be disallowed by default in a future release
]]></system-err>
  </testcase>
  <testcase name="login_withWrongPassword_returns401" classname="com.ragapp.auth.AuthControllerIntegrationTest" time="0.192"/>
  <testcase name="login_withValidAdminCredentials_returnsToken" classname="com.ragapp.auth.AuthControllerIntegrationTest" time="0.297"/>
  <testcase name="login_withBlankUsername_returns400" classname="com.ragapp.auth.AuthControllerIntegrationTest" time="0.008"/>
  <testcase name="login_withValidUserCredentials_returnsToken" classname="com.ragapp.auth.AuthControllerIntegrationTest" time="0.073"/>
  <testcase name="protectedEndpoint_withoutToken_returns401or403" classname="com.ragapp.auth.AuthControllerIntegrationTest" time="0.024"/>
  <testcase name="login_withUnknownUsername_returns401" classname="com.ragapp.auth.AuthControllerIntegrationTest" time="0.098"/>
</testsuite>